# JRE version: OpenJDK Runtime Environment (8.0_152-b02) (build 1.8.0_152-release-1024-b02)
# Java VM: OpenJDK 64-Bit Server VM (25.152-b02 mixed mode windows-amd64 compressed oops)
Heap:
 PSYoungGen      total 206848K, used 149999K [0x00000000e0000000, 0x00000000f3300000, 0x0000000100000000)
  eden space 192512K, 70% used [0x00000000e0000000,0x00000000e847dc48,0x00000000ebc00000)
  from space 14336K, 99% used [0x00000000ebc00000,0x00000000ec9fe000,0x00000000eca00000)
  to   space 17920K, 0% used [0x00000000f2180000,0x00000000f2180000,0x00000000f3300000)
 ParOldGen       total 101376K, used 21255K [0x00000000a0000000, 0x00000000a6300000, 0x00000000e0000000)
  object space 101376K, 20% used [0x00000000a0000000,0x00000000a14c1f30,0x00000000a6300000)
 Metaspace       used 54217K, capacity 55928K, committed 56152K, reserved 1097728K
  class space    used 7371K, capacity 7796K, committed 7808K, reserved 1048576K
GC Heap History (10 events):
Event: 6.676 GC heap before
{Heap before GC invocations=5 (full 1):
 PSYoungGen      total 138240K, used 5088K [0x00000000e0000000, 0x00000000e8c00000, 0x0000000100000000)
  eden space 133120K, 0% used [0x00000000e0000000,0x00000000e0000000,0x00000000e8200000)
  from space 5120K, 99% used [0x00000000e8700000,0x00000000e8bf8030,0x00000000e8c00000)
  to   space 5120K, 0% used [0x00000000e8200000,0x00000000e8200000,0x00000000e8700000)
 ParOldGen       total 87552K, used 8826K [0x00000000a0000000, 0x00000000a5580000, 0x00000000e0000000)
  object space 87552K, 10% used [0x00000000a0000000,0x00000000a089eab0,0x00000000a5580000)
 Metaspace       used 20686K, capacity 21074K, committed 21248K, reserved 1067008K
  class space    used 2871K, capacity 2989K, committed 3072K, reserved 1048576K
Event: 6.759 GC heap after
Heap after GC invocations=5 (full 1):
 PSYoungGen      total 138240K, used 0K [0x00000000e0000000, 0x00000000e8c00000, 0x0000000100000000)
  eden space 133120K, 0% used [0x00000000e0000000,0x00000000e0000000,0x00000000e8200000)
  from space 5120K, 0% used [0x00000000e8700000,0x00000000e8700000,0x00000000e8c00000)
  to   space 5120K, 0% used [0x00000000e8200000,0x00000000e8200000,0x00000000e8700000)
 ParOldGen       total 64000K, used 8097K [0x00000000a0000000, 0x00000000a3e80000, 0x00000000e0000000)
  object space 64000K, 12% used [0x00000000a0000000,0x00000000a07e8678,0x00000000a3e80000)
 Metaspace       used 20686K, capacity 21074K, committed 21248K, reserved 1067008K
  class space    used 2871K, capacity 2989K, committed 3072K, reserved 1048576K
}
Event: 15.166 GC heap before
{Heap before GC invocations=6 (full 1):
 PSYoungGen      total 138240K, used 133120K [0x00000000e0000000, 0x00000000e8c00000, 0x0000000100000000)
  eden space 133120K, 100% used [0x00000000e0000000,0x00000000e8200000,0x00000000e8200000)
  from space 5120K, 0% used [0x00000000e8700000,0x00000000e8700000,0x00000000e8c00000)
  to   space 5120K, 0% used [0x00000000e8200000,0x00000000e8200000,0x00000000e8700000)
 ParOldGen       total 64000K, used 8097K [0x00000000a0000000, 0x00000000a3e80000, 0x00000000e0000000)
  object space 64000K, 12% used [0x00000000a0000000,0x00000000a07e8678,0x00000000a3e80000)
 Metaspace       used 29774K, capacity 30304K, committed 30464K, reserved 1075200K
  class space    used 4151K, capacity 4305K, committed 4352K, reserved 1048576K
Event: 15.236 GC heap after
Heap after GC invocations=6 (full 1):
 PSYoungGen      total 138240K, used 5092K [0x00000000e0000000, 0x00000000edd80000, 0x0000000100000000)
  eden space 133120K, 0% used [0x00000000e0000000,0x00000000e0000000,0x00000000e8200000)
  from space 5120K, 99% used [0x00000000e8200000,0x00000000e86f9020,0x00000000e8700000)
  to   space 14848K, 0% used [0x00000000ecf00000,0x00000000ecf00000,0x00000000edd80000)
 ParOldGen       total 64000K, used 16167K [0x00000000a0000000, 0x00000000a3e80000, 0x00000000e0000000)
  object space 64000K, 25% used [0x00000000a0000000,0x00000000a0fc9f28,0x00000000a3e80000)
 Metaspace       used 29774K, capacity 30304K, committed 30464K, reserved 1075200K
  class space    used 4151K, capacity 4305K, committed 4352K, reserved 1048576K
}
Event: 28.703 GC heap before
{Heap before GC invocations=7 (full 1):
 PSYoungGen      total 138240K, used 33586K [0x00000000e0000000, 0x00000000edd80000, 0x0000000100000000)
  eden space 133120K, 21% used [0x00000000e0000000,0x00000000e1bd39a0,0x00000000e8200000)
  from space 5120K, 99% used [0x00000000e8200000,0x00000000e86f9020,0x00000000e8700000)
  to   space 14848K, 0% used [0x00000000ecf00000,0x00000000ecf00000,0x00000000edd80000)
 ParOldGen       total 64000K, used 16167K [0x00000000a0000000, 0x00000000a3e80000, 0x00000000e0000000)
  object space 64000K, 25% used [0x00000000a0000000,0x00000000a0fc9f28,0x00000000a3e80000)
 Metaspace       used 34663K, capacity 35312K, committed 35416K, reserved 1079296K
  class space    used 4758K, capacity 4982K, committed 4992K, reserved 1048576K
Event: 28.734 GC heap after
Heap after GC invocations=7 (full 1):
 PSYoungGen      total 198656K, used 9009K [0x00000000e0000000, 0x00000000ed800000, 0x0000000100000000)
  eden space 189440K, 0% used [0x00000000e0000000,0x00000000e0000000,0x00000000eb900000)
  from space 9216K, 97% used [0x00000000ecf00000,0x00000000ed7cc7e0,0x00000000ed800000)
  to   space 14336K, 0% used [0x00000000ebc00000,0x00000000ebc00000,0x00000000eca00000)
 ParOldGen       total 64000K, used 16175K [0x00000000a0000000, 0x00000000a3e80000, 0x00000000e0000000)
  object space 64000K, 25% used [0x00000000a0000000,0x00000000a0fcbf28,0x00000000a3e80000)
 Metaspace       used 34663K, capacity 35312K, committed 35416K, reserved 1079296K
  class space    used 4758K, capacity 4982K, committed 4992K, reserved 1048576K
}
Event: 28.734 GC heap before
{Heap before GC invocations=8 (full 2):
 PSYoungGen      total 198656K, used 9009K [0x00000000e0000000, 0x00000000ed800000, 0x0000000100000000)
  eden space 189440K, 0% used [0x00000000e0000000,0x00000000e0000000,0x00000000eb900000)
  from space 9216K, 97% used [0x00000000ecf00000,0x00000000ed7cc7e0,0x00000000ed800000)
  to   space 14336K, 0% used [0x00000000ebc00000,0x00000000ebc00000,0x00000000eca00000)
 ParOldGen       total 64000K, used 16175K [0x00000000a0000000, 0x00000000a3e80000, 0x00000000e0000000)
  object space 64000K, 25% used [0x00000000a0000000,0x00000000a0fcbf28,0x00000000a3e80000)
 Metaspace       used 34663K, capacity 35312K, committed 35416K, reserved 1079296K
  class space    used 4758K, capacity 4982K, committed 4992K, reserved 1048576K
Event: 28.830 GC heap after
Heap after GC invocations=8 (full 2):
 PSYoungGen      total 198656K, used 0K [0x00000000e0000000, 0x00000000ed800000, 0x0000000100000000)
  eden space 189440K, 0% used [0x00000000e0000000,0x00000000e0000000,0x00000000eb900000)
  from space 9216K, 0% used [0x00000000ecf00000,0x00000000ecf00000,0x00000000ed800000)
  to   space 14336K, 0% used [0x00000000ebc00000,0x00000000ebc00000,0x00000000eca00000)
 ParOldGen       total 101376K, used 17701K [0x00000000a0000000, 0x00000000a6300000, 0x00000000e0000000)
  object space 101376K, 17% used [0x00000000a0000000,0x00000000a1149710,0x00000000a6300000)
 Metaspace       used 34663K, capacity 35312K, committed 35416K, reserved 1079296K
  class space    used 4758K, capacity 4982K, committed 4992K, reserved 1048576K
}
Event: 42.310 GC heap before
{Heap before GC invocations=9 (full 2):
 PSYoungGen      total 198656K, used 189440K [0x00000000e0000000, 0x00000000ed800000, 0x0000000100000000)
  eden space 189440K, 100% used [0x00000000e0000000,0x00000000eb900000,0x00000000eb900000)
  from space 9216K, 0% used [0x00000000ecf00000,0x00000000ecf00000,0x00000000ed800000)
  to   space 14336K, 0% used [0x00000000ebc00000,0x00000000ebc00000,0x00000000eca00000)
 ParOldGen       total 101376K, used 17701K [0x00000000a0000000, 0x00000000a6300000, 0x00000000e0000000)
  object space 101376K, 17% used [0x00000000a0000000,0x00000000a1149710,0x00000000a6300000)
 Metaspace       used 46361K, capacity 47318K, committed 47576K, reserved 1089536K
  class space    used 6258K, capacity 6565K, committed 6656K, reserved 1048576K
Event: 42.344 GC heap after
Heap after GC invocations=9 (full 2):
 PSYoungGen      total 206848K, used 14328K [0x00000000e0000000, 0x00000000f3300000, 0x0000000100000000)
  eden space 192512K, 0% used [0x00000000e0000000,0x00000000e0000000,0x00000000ebc00000)
  from space 14336K, 99% used [0x00000000ebc00000,0x00000000ec9fe000,0x00000000eca00000)
  to   space 17920K, 0% used [0x00000000f2180000,0x00000000f2180000,0x00000000f3300000)
 ParOldGen       total 101376K, used 21255K [0x00000000a0000000, 0x00000000a6300000, 0x00000000e0000000)
  object space 101376K, 20% used [0x00000000a0000000,0x00000000a14c1f30,0x00000000a6300000)
 Metaspace       used 46361K, capacity 47318K, committed 47576K, reserved 1089536K
  class space    used 6258K, capacity 6565K, committed 6656K, reserved 1048576K
}

