# JRE version: OpenJDK Runtime Environment (8.0_152-b02) (build 1.8.0_152-release-1024-b02)
# Java VM: OpenJDK 64-Bit Server VM (25.152-b02 mixed mode windows-amd64 compressed oops)
Heap:
 PSYoungGen      total 480256K, used 165627K [0x00000000e0000000, 0x0000000100000000, 0x0000000100000000)
  eden space 435200K, 38% used [0x00000000e0000000,0x00000000ea1bef58,0x00000000fa900000)
  from space 45056K, 0% used [0x00000000fd400000,0x00000000fd400000,0x0000000100000000)
  to   space 44032K, 0% used [0x00000000fa900000,0x00000000fa900000,0x00000000fd400000)
 ParOldGen       total 229376K, used 91510K [0x00000000a0000000, 0x00000000ae000000, 0x00000000e0000000)
  object space 229376K, 39% used [0x00000000a0000000,0x00000000a595d888,0x00000000ae000000)
 Metaspace       used 83331K, capacity 85414K, committed 85592K, reserved 1126400K
  class space    used 10520K, capacity 11027K, committed 11136K, reserved 1048576K
GC Heap History (10 events):
Event: 71.419 GC heap before
{Heap before GC invocations=16 (full 3):
 PSYoungGen      total 310272K, used 310270K [0x00000000e0000000, 0x00000000f7400000, 0x0000000100000000)
  eden space 283136K, 100% used [0x00000000e0000000,0x00000000f1480000,0x00000000f1480000)
  from space 27136K, 99% used [0x00000000f3580000,0x00000000f4fffa58,0x00000000f5000000)
  to   space 33792K, 0% used [0x00000000f1480000,0x00000000f1480000,0x00000000f3580000)
 ParOldGen       total 141824K, used 56708K [0x00000000a0000000, 0x00000000a8a80000, 0x00000000e0000000)
  object space 141824K, 39% used [0x00000000a0000000,0x00000000a3761320,0x00000000a8a80000)
 Metaspace       used 65087K, capacity 66906K, committed 67160K, reserved 1107968K
  class space    used 8506K, capacity 8961K, committed 9088K, reserved 1048576K
Event: 71.457 GC heap after
Heap after GC invocations=16 (full 3):
 PSYoungGen      total 316928K, used 9204K [0x00000000e0000000, 0x00000000fa900000, 0x0000000100000000)
  eden space 283136K, 0% used [0x00000000e0000000,0x00000000e0000000,0x00000000f1480000)
  from space 33792K, 27% used [0x00000000f1480000,0x00000000f1d7d0c0,0x00000000f3580000)
  to   space 32768K, 0% used [0x00000000f8900000,0x00000000f8900000,0x00000000fa900000)
 ParOldGen       total 141824K, used 70995K [0x00000000a0000000, 0x00000000a8a80000, 0x00000000e0000000)
  object space 141824K, 50% used [0x00000000a0000000,0x00000000a4554c78,0x00000000a8a80000)
 Metaspace       used 65087K, capacity 66906K, committed 67160K, reserved 1107968K
  class space    used 8506K, capacity 8961K, committed 9088K, reserved 1048576K
}
Event: 165.459 GC heap before
{Heap before GC invocations=17 (full 3):
 PSYoungGen      total 316928K, used 292340K [0x00000000e0000000, 0x00000000fa900000, 0x0000000100000000)
  eden space 283136K, 100% used [0x00000000e0000000,0x00000000f1480000,0x00000000f1480000)
  from space 33792K, 27% used [0x00000000f1480000,0x00000000f1d7d0c0,0x00000000f3580000)
  to   space 32768K, 0% used [0x00000000f8900000,0x00000000f8900000,0x00000000fa900000)
 ParOldGen       total 141824K, used 70995K [0x00000000a0000000, 0x00000000a8a80000, 0x00000000e0000000)
  object space 141824K, 50% used [0x00000000a0000000,0x00000000a4554c78,0x00000000a8a80000)
 Metaspace       used 67244K, capacity 69168K, committed 69336K, reserved 1110016K
  class space    used 8725K, capacity 9198K, committed 9216K, reserved 1048576K
Event: 165.480 GC heap after
Heap after GC invocations=17 (full 3):
 PSYoungGen      total 376832K, used 8410K [0x00000000e0000000, 0x00000000f9b80000, 0x0000000100000000)
  eden space 357888K, 0% used [0x00000000e0000000,0x00000000e0000000,0x00000000f5d80000)
  from space 18944K, 44% used [0x00000000f8900000,0x00000000f9136be8,0x00000000f9b80000)
  to   space 31744K, 0% used [0x00000000f5d80000,0x00000000f5d80000,0x00000000f7c80000)
 ParOldGen       total 141824K, used 77060K [0x00000000a0000000, 0x00000000a8a80000, 0x00000000e0000000)
  object space 141824K, 54% used [0x00000000a0000000,0x00000000a4b41218,0x00000000a8a80000)
 Metaspace       used 67244K, capacity 69168K, committed 69336K, reserved 1110016K
  class space    used 8725K, capacity 9198K, committed 9216K, reserved 1048576K
}
Event: 199.028 GC heap before
{Heap before GC invocations=18 (full 3):
 PSYoungGen      total 376832K, used 366298K [0x00000000e0000000, 0x00000000f9b80000, 0x0000000100000000)
  eden space 357888K, 100% used [0x00000000e0000000,0x00000000f5d80000,0x00000000f5d80000)
  from space 18944K, 44% used [0x00000000f8900000,0x00000000f9136be8,0x00000000f9b80000)
  to   space 31744K, 0% used [0x00000000f5d80000,0x00000000f5d80000,0x00000000f7c80000)
 ParOldGen       total 141824K, used 77060K [0x00000000a0000000, 0x00000000a8a80000, 0x00000000e0000000)
  object space 141824K, 54% used [0x00000000a0000000,0x00000000a4b41218,0x00000000a8a80000)
 Metaspace       used 78126K, capacity 80058K, committed 80344K, reserved 1120256K
  class space    used 9900K, capacity 10393K, committed 10496K, reserved 1048576K
Event: 199.241 GC heap after
Heap after GC invocations=18 (full 3):
 PSYoungGen      total 389632K, used 31714K [0x00000000e0000000, 0x0000000100000000, 0x0000000100000000)
  eden space 357888K, 0% used [0x00000000e0000000,0x00000000e0000000,0x00000000f5d80000)
  from space 31744K, 99% used [0x00000000f5d80000,0x00000000f7c78a70,0x00000000f7c80000)
  to   space 45056K, 0% used [0x00000000fd400000,0x00000000fd400000,0x0000000100000000)
 ParOldGen       total 141824K, used 98946K [0x00000000a0000000, 0x00000000a8a80000, 0x00000000e0000000)
  object space 141824K, 69% used [0x00000000a0000000,0x00000000a60a0968,0x00000000a8a80000)
 Metaspace       used 78126K, capacity 80058K, committed 80344K, reserved 1120256K
  class space    used 9900K, capacity 10393K, committed 10496K, reserved 1048576K
}
Event: 203.521 GC heap before
{Heap before GC invocations=19 (full 3):
 PSYoungGen      total 389632K, used 389602K [0x00000000e0000000, 0x0000000100000000, 0x0000000100000000)
  eden space 357888K, 100% used [0x00000000e0000000,0x00000000f5d80000,0x00000000f5d80000)
  from space 31744K, 99% used [0x00000000f5d80000,0x00000000f7c78a70,0x00000000f7c80000)
  to   space 45056K, 0% used [0x00000000fd400000,0x00000000fd400000,0x0000000100000000)
 ParOldGen       total 141824K, used 98946K [0x00000000a0000000, 0x00000000a8a80000, 0x00000000e0000000)
  object space 141824K, 69% used [0x00000000a0000000,0x00000000a60a0968,0x00000000a8a80000)
 Metaspace       used 78803K, capacity 80794K, committed 81112K, reserved 1120256K
  class space    used 9946K, capacity 10425K, committed 10496K, reserved 1048576K
Event: 203.612 GC heap after
Heap after GC invocations=19 (full 3):
 PSYoungGen      total 480256K, used 5030K [0x00000000e0000000, 0x0000000100000000, 0x0000000100000000)
  eden space 435200K, 0% used [0x00000000e0000000,0x00000000e0000000,0x00000000fa900000)
  from space 45056K, 11% used [0x00000000fd400000,0x00000000fd8e99a8,0x0000000100000000)
  to   space 44032K, 0% used [0x00000000fa900000,0x00000000fa900000,0x00000000fd400000)
 ParOldGen       total 141824K, used 130398K [0x00000000a0000000, 0x00000000a8a80000, 0x00000000e0000000)
  object space 141824K, 91% used [0x00000000a0000000,0x00000000a7f57ab0,0x00000000a8a80000)
 Metaspace       used 78803K, capacity 80794K, committed 81112K, reserved 1120256K
  class space    used 9946K, capacity 10425K, committed 10496K, reserved 1048576K
}
Event: 203.612 GC heap before
{Heap before GC invocations=20 (full 4):
 PSYoungGen      total 480256K, used 5030K [0x00000000e0000000, 0x0000000100000000, 0x0000000100000000)
  eden space 435200K, 0% used [0x00000000e0000000,0x00000000e0000000,0x00000000fa900000)
  from space 45056K, 11% used [0x00000000fd400000,0x00000000fd8e99a8,0x0000000100000000)
  to   space 44032K, 0% used [0x00000000fa900000,0x00000000fa900000,0x00000000fd400000)
 ParOldGen       total 141824K, used 130398K [0x00000000a0000000, 0x00000000a8a80000, 0x00000000e0000000)
  object space 141824K, 91% used [0x00000000a0000000,0x00000000a7f57ab0,0x00000000a8a80000)
 Metaspace       used 78803K, capacity 80794K, committed 81112K, reserved 1120256K
  class space    used 9946K, capacity 10425K, committed 10496K, reserved 1048576K
Event: 204.192 GC heap after
Heap after GC invocations=20 (full 4):
 PSYoungGen      total 480256K, used 0K [0x00000000e0000000, 0x0000000100000000, 0x0000000100000000)
  eden space 435200K, 0% used [0x00000000e0000000,0x00000000e0000000,0x00000000fa900000)
  from space 45056K, 0% used [0x00000000fd400000,0x00000000fd400000,0x0000000100000000)
  to   space 44032K, 0% used [0x00000000fa900000,0x00000000fa900000,0x00000000fd400000)
 ParOldGen       total 229376K, used 91510K [0x00000000a0000000, 0x00000000ae000000, 0x00000000e0000000)
  object space 229376K, 39% used [0x00000000a0000000,0x00000000a595d888,0x00000000ae000000)
 Metaspace       used 78803K, capacity 80794K, committed 81112K, reserved 1120256K
  class space    used 9946K, capacity 10425K, committed 10496K, reserved 1048576K
}

